# JRE version: OpenJDK Runtime Environment (11.0.10) (build 11.0.10+0-b96-7249189)
# Java VM: OpenJDK 64-Bit Server VM (11.0.10+0-b96-7249189, mixed mode, tiered, compressed oops, g1 gc, windows-amd64)
Heap:
 garbage-first heap   total 147456K, used 28279K [0x0000000088a00000, 0x0000000100000000)
  region size 1024K, 4 young (4096K), 4 survivors (4096K)
 Metaspace       used 41773K, capacity 42174K, committed 42240K, reserved 1095680K
  class space    used 4875K, capacity 5057K, committed 5120K, reserved 1048576K
GC Heap History (12 events):
Event: 0.513 GC heap before
{Heap before GC invocations=0 (full 0):
 garbage-first heap   total 122880K, used 9216K [0x0000000088a00000, 0x0000000100000000)
  region size 1024K, 7 young (7168K), 0 survivors (0K)
 Metaspace       used 6944K, capacity 7052K, committed 7296K, reserved 1056768K
  class space    used 592K, capacity 627K, committed 640K, reserved 1048576K
}
Event: 0.517 GC heap after
{Heap after GC invocations=1 (full 0):
 garbage-first heap   total 122880K, used 4899K [0x0000000088a00000, 0x0000000100000000)
  region size 1024K, 1 young (1024K), 1 survivors (1024K)
 Metaspace       used 6944K, capacity 7052K, committed 7296K, reserved 1056768K
  class space    used 592K, capacity 627K, committed 640K, reserved 1048576K
}
Event: 3.477 GC heap before
{Heap before GC invocations=1 (full 0):
 garbage-first heap   total 122880K, used 59171K [0x0000000088a00000, 0x0000000100000000)
  region size 1024K, 54 young (55296K), 1 survivors (1024K)
 Metaspace       used 21045K, capacity 21230K, committed 21248K, reserved 1069056K
  class space    used 2219K, capacity 2286K, committed 2304K, reserved 1048576K
}
Event: 3.498 GC heap after
{Heap after GC invocations=2 (full 0):
 garbage-first heap   total 122880K, used 9285K [0x0000000088a00000, 0x0000000100000000)
  region size 1024K, 6 young (6144K), 6 survivors (6144K)
 Metaspace       used 21045K, capacity 21230K, committed 21248K, reserved 1069056K
  class space    used 2219K, capacity 2286K, committed 2304K, reserved 1048576K
}
Event: 4.315 GC heap before
{Heap before GC invocations=3 (full 0):
 garbage-first heap   total 122880K, used 33861K [0x0000000088a00000, 0x0000000100000000)
  region size 1024K, 24 young (24576K), 6 survivors (6144K)
 Metaspace       used 25545K, capacity 25924K, committed 26112K, reserved 1073152K
  class space    used 2688K, capacity 2812K, committed 2816K, reserved 1048576K
}
Event: 4.336 GC heap after
{Heap after GC invocations=4 (full 0):
 garbage-first heap   total 122880K, used 17159K [0x0000000088a00000, 0x0000000100000000)
  region size 1024K, 2 young (2048K), 2 survivors (2048K)
 Metaspace       used 25545K, capacity 25924K, committed 26112K, reserved 1073152K
  class space    used 2688K, capacity 2812K, committed 2816K, reserved 1048576K
}
Event: 6.346 GC heap before
{Heap before GC invocations=4 (full 0):
 garbage-first heap   total 122880K, used 61191K [0x0000000088a00000, 0x0000000100000000)
  region size 1024K, 39 young (39936K), 2 survivors (2048K)
 Metaspace       used 31889K, capacity 32226K, committed 32384K, reserved 1077248K
  class space    used 3465K, capacity 3599K, committed 3712K, reserved 1048576K
}
Event: 6.367 GC heap after
{Heap after GC invocations=5 (full 0):
 garbage-first heap   total 122880K, used 24274K [0x0000000088a00000, 0x0000000100000000)
  region size 1024K, 5 young (5120K), 5 survivors (5120K)
 Metaspace       used 31889K, capacity 32226K, committed 32384K, reserved 1077248K
  class space    used 3465K, capacity 3599K, committed 3712K, reserved 1048576K
}
Event: 7.051 GC heap before
{Heap before GC invocations=5 (full 0):
 garbage-first heap   total 122880K, used 38610K [0x0000000088a00000, 0x0000000100000000)
  region size 1024K, 20 young (20480K), 5 survivors (5120K)
 Metaspace       used 35144K, capacity 35554K, committed 35584K, reserved 1081344K
  class space    used 3904K, capacity 4087K, committed 4096K, reserved 1048576K
}
Event: 7.077 GC heap after
{Heap after GC invocations=6 (full 0):
 garbage-first heap   total 147456K, used 26561K [0x0000000088a00000, 0x0000000100000000)
  region size 1024K, 2 young (2048K), 2 survivors (2048K)
 Metaspace       used 35144K, capacity 35554K, committed 35584K, reserved 1081344K
  class space    used 3904K, capacity 4087K, committed 4096K, reserved 1048576K
}
Event: 8.292 GC heap before
{Heap before GC invocations=7 (full 0):
 garbage-first heap   total 147456K, used 55233K [0x0000000088a00000, 0x0000000100000000)
  region size 1024K, 31 young (31744K), 2 survivors (2048K)
 Metaspace       used 41773K, capacity 42174K, committed 42240K, reserved 1093632K
  class space    used 4875K, capacity 5057K, committed 5120K, reserved 1048576K
}
Event: 8.303 GC heap after
{Heap after GC invocations=8 (full 0):
 garbage-first heap   total 147456K, used 28279K [0x0000000088a00000, 0x0000000100000000)
  region size 1024K, 4 young (4096K), 4 survivors (4096K)
 Metaspace       used 41773K, capacity 42174K, committed 42240K, reserved 1093632K
  class space    used 4875K, capacity 5057K, committed 5120K, reserved 1048576K
}

