# JRE version: OpenJDK Runtime Environment (11.0.10) (build 11.0.10+0-b96-7249189)
# Java VM: OpenJDK 64-Bit Server VM (11.0.10+0-b96-7249189, mixed mode, tiered, compressed oops, g1 gc, windows-amd64)
Heap:
 garbage-first heap   total 138240K, used 107561K [0x0000000080000000, 0x0000000100000000)
  region size 1024K, 14 young (14336K), 2 survivors (2048K)
 Metaspace       used 109684K, capacity 112281K, committed 112380K, reserved 1150976K
  class space    used 13985K, capacity 14943K, committed 14976K, reserved 1048576K
GC Heap History (20 events):
Event: 778.081 GC heap before
{Heap before GC invocations=189 (full 0):
 garbage-first heap   total 114688K, used 105241K [0x0000000080000000, 0x0000000100000000)
  region size 1024K, 5 young (5120K), 1 survivors (1024K)
 Metaspace       used 105145K, capacity 107638K, committed 107772K, reserved 1142784K
  class space    used 13392K, capacity 14342K, committed 14464K, reserved 1048576K
}
Event: 778.088 GC heap after
{Heap after GC invocations=190 (full 0):
 garbage-first heap   total 114688K, used 101949K [0x0000000080000000, 0x0000000100000000)
  region size 1024K, 1 young (1024K), 1 survivors (1024K)
 Metaspace       used 105145K, capacity 107638K, committed 107772K, reserved 1142784K
  class space    used 13392K, capacity 14342K, committed 14464K, reserved 1048576K
}
Event: 778.234 GC heap before
{Heap before GC invocations=190 (full 0):
 garbage-first heap   total 114688K, used 106045K [0x0000000080000000, 0x0000000100000000)
  region size 1024K, 5 young (5120K), 1 survivors (1024K)
 Metaspace       used 105357K, capacity 107830K, committed 108028K, reserved 1142784K
  class space    used 13409K, capacity 14342K, committed 14464K, reserved 1048576K
}
Event: 778.244 GC heap after
{Heap after GC invocations=191 (full 0):
 garbage-first heap   total 114688K, used 103230K [0x0000000080000000, 0x0000000100000000)
  region size 1024K, 1 young (1024K), 1 survivors (1024K)
 Metaspace       used 105357K, capacity 107830K, committed 108028K, reserved 1142784K
  class space    used 13409K, capacity 14342K, committed 14464K, reserved 1048576K
}
Event: 778.573 GC heap before
{Heap before GC invocations=191 (full 0):
 garbage-first heap   total 114688K, used 106302K [0x0000000080000000, 0x0000000100000000)
  region size 1024K, 5 young (5120K), 1 survivors (1024K)
 Metaspace       used 105597K, capacity 108061K, committed 108284K, reserved 1142784K
  class space    used 13428K, capacity 14376K, committed 14464K, reserved 1048576K
}
Event: 778.581 GC heap after
{Heap after GC invocations=192 (full 0):
 garbage-first heap   total 114688K, used 104081K [0x0000000080000000, 0x0000000100000000)
  region size 1024K, 1 young (1024K), 1 survivors (1024K)
 Metaspace       used 105597K, capacity 108061K, committed 108284K, reserved 1142784K
  class space    used 13428K, capacity 14376K, committed 14464K, reserved 1048576K
}
Event: 779.037 GC heap before
{Heap before GC invocations=193 (full 0):
 garbage-first heap   total 114688K, used 108177K [0x0000000080000000, 0x0000000100000000)
  region size 1024K, 5 young (5120K), 1 survivors (1024K)
 Metaspace       used 105686K, capacity 108191K, committed 108284K, reserved 1142784K
  class space    used 13436K, capacity 14375K, committed 14464K, reserved 1048576K
}
Event: 779.044 GC heap after
{Heap after GC invocations=194 (full 0):
 garbage-first heap   total 114688K, used 104602K [0x0000000080000000, 0x0000000100000000)
  region size 1024K, 1 young (1024K), 1 survivors (1024K)
 Metaspace       used 105686K, capacity 108191K, committed 108284K, reserved 1142784K
  class space    used 13436K, capacity 14375K, committed 14464K, reserved 1048576K
}
Event: 779.512 GC heap before
{Heap before GC invocations=194 (full 0):
 garbage-first heap   total 114688K, used 107674K [0x0000000080000000, 0x0000000100000000)
  region size 1024K, 5 young (5120K), 1 survivors (1024K)
 Metaspace       used 105694K, capacity 108191K, committed 108284K, reserved 1142784K
  class space    used 13436K, capacity 14375K, committed 14464K, reserved 1048576K
}
Event: 779.524 GC heap after
{Heap after GC invocations=195 (full 0):
 garbage-first heap   total 114688K, used 93480K [0x0000000080000000, 0x0000000100000000)
  region size 1024K, 1 young (1024K), 1 survivors (1024K)
 Metaspace       used 105694K, capacity 108191K, committed 108284K, reserved 1142784K
  class space    used 13436K, capacity 14375K, committed 14464K, reserved 1048576K
}
Event: 779.769 GC heap before
{Heap before GC invocations=195 (full 0):
 garbage-first heap   total 114688K, used 97576K [0x0000000080000000, 0x0000000100000000)
  region size 1024K, 5 young (5120K), 1 survivors (1024K)
 Metaspace       used 105698K, capacity 108255K, committed 108540K, reserved 1142784K
  class space    used 13436K, capacity 14375K, committed 14464K, reserved 1048576K
}
Event: 779.774 GC heap after
{Heap after GC invocations=196 (full 0):
 garbage-first heap   total 114688K, used 93893K [0x0000000080000000, 0x0000000100000000)
  region size 1024K, 1 young (1024K), 1 survivors (1024K)
 Metaspace       used 105698K, capacity 108255K, committed 108540K, reserved 1142784K
  class space    used 13436K, capacity 14375K, committed 14464K, reserved 1048576K
}
Event: 781.270 GC heap before
{Heap before GC invocations=196 (full 0):
 garbage-first heap   total 114688K, used 100037K [0x0000000080000000, 0x0000000100000000)
  region size 1024K, 5 young (5120K), 1 survivors (1024K)
 Metaspace       used 106195K, capacity 108763K, committed 108796K, reserved 1144832K
  class space    used 13507K, capacity 14450K, committed 14464K, reserved 1048576K
}
Event: 781.274 GC heap after
{Heap after GC invocations=197 (full 0):
 garbage-first heap   total 114688K, used 94087K [0x0000000080000000, 0x0000000100000000)
  region size 1024K, 1 young (1024K), 1 survivors (1024K)
 Metaspace       used 106195K, capacity 108763K, committed 108796K, reserved 1144832K
  class space    used 13507K, capacity 14450K, committed 14464K, reserved 1048576K
}
Event: 781.827 GC heap before
{Heap before GC invocations=197 (full 0):
 garbage-first heap   total 114688K, used 97159K [0x0000000080000000, 0x0000000100000000)
  region size 1024K, 5 young (5120K), 1 survivors (1024K)
 Metaspace       used 106689K, capacity 109253K, committed 109436K, reserved 1144832K
  class space    used 13582K, capacity 14527K, committed 14592K, reserved 1048576K
}
Event: 781.837 GC heap after
{Heap after GC invocations=198 (full 0):
 garbage-first heap   total 114688K, used 94677K [0x0000000080000000, 0x0000000100000000)
  region size 1024K, 1 young (1024K), 1 survivors (1024K)
 Metaspace       used 106689K, capacity 109253K, committed 109436K, reserved 1144832K
  class space    used 13582K, capacity 14527K, committed 14592K, reserved 1048576K
}
Event: 781.889 GC heap before
{Heap before GC invocations=198 (full 0):
 garbage-first heap   total 114688K, used 97749K [0x0000000080000000, 0x0000000100000000)
  region size 1024K, 5 young (5120K), 1 survivors (1024K)
 Metaspace       used 106721K, capacity 109324K, committed 109436K, reserved 1144832K
  class space    used 13588K, capacity 14529K, committed 14592K, reserved 1048576K
}
Event: 781.894 GC heap after
{Heap after GC invocations=199 (full 0):
 garbage-first heap   total 138240K, used 95108K [0x0000000080000000, 0x0000000100000000)
  region size 1024K, 1 young (1024K), 1 survivors (1024K)
 Metaspace       used 106721K, capacity 109324K, committed 109436K, reserved 1144832K
  class space    used 13588K, capacity 14529K, committed 14592K, reserved 1048576K
}
Event: 783.839 GC heap before
{Heap before GC invocations=199 (full 0):
 garbage-first heap   total 138240K, used 106372K [0x0000000080000000, 0x0000000100000000)
  region size 1024K, 13 young (13312K), 1 survivors (1024K)
 Metaspace       used 109159K, capacity 111816K, committed 112124K, reserved 1150976K
  class space    used 13913K, capacity 14874K, committed 14976K, reserved 1048576K
}
Event: 783.849 GC heap after
{Heap after GC invocations=200 (full 0):
 garbage-first heap   total 138240K, used 97321K [0x0000000080000000, 0x0000000100000000)
  region size 1024K, 2 young (2048K), 2 survivors (2048K)
 Metaspace       used 109159K, capacity 111816K, committed 112124K, reserved 1150976K
  class space    used 13913K, capacity 14874K, committed 14976K, reserved 1048576K
}

